1525616763922	geckodriver	INFO	geckodriver 0.20.1
1525616764013	geckodriver	INFO	Listening on 127.0.0.1:5794
1525616766950	mozrunner::runner	INFO	Running command: "C:\\Program Files (x86)\\Mozilla Firefox\\firefox.exe" "-marionette" "--headless" "-profile" "C:\\Users\\acuyo\\AppData\\Local\\Temp\\rust_mozprofile.in30hQAQ9IRH"
*** You are running in headless mode.
1525616767401	addons.xpi	WARN	Error parsing extensions state: [Exception... "Component returned failure code: 0x80520012 (NS_ERROR_FILE_NOT_FOUND) [amIAddonManagerStartup.readStartupData]"  nsresult: "0x80520012 (NS_ERROR_FILE_NOT_FOUND)"  location: "JS frame :: resource://gre/modules/addons/XPIProvider.jsm :: loadExtensionState :: line 1554"  data: no] Stack trace: loadExtensionState()@resource://gre/modules/addons/XPIProvider.jsm:1554 < getInstallState()@resource://gre/modules/addons/XPIProvider.jsm:1589 < checkForChanges()@resource://gre/modules/addons/XPIProvider.jsm:3109 < startup()@resource://gre/modules/addons/XPIProvider.jsm:2188 < callProvider()@resource://gre/modules/AddonManager.jsm:269 < _startProvider()@resource://gre/modules/AddonManager.jsm:739 < startup()@resource://gre/modules/AddonManager.jsm:906 < startup()@resource://gre/modules/AddonManager.jsm:3090 < observe()@jar:file:///C:/Program%20Files%20(x86)/Mozilla%20Firefox/omni.ja!/components/addonManager.js:65
1525616767765	Marionette	INFO	Enabled via --marionette
[Child 13656] WARNING: pipe error: 109: file z:/build/build/src/ipc/chromium/src/chrome/common/ipc_channel_win.cc, line 346
[Child 13656] WARNING: pipe error: 109: file z:/build/build/src/ipc/chromium/src/chrome/common/ipc_channel_win.cc, line 346
1525616769143	Marionette	INFO	Listening on port 5802
1525616770072	Marionette	WARN	TLS certificate errors will be ignored for this session
1525616770105	Marionette	DEBUG	Register listener.js for window 6442450945
1525616770136	Marionette	DEBUG	Received DOM event "beforeunload" for "about:blank"
1525616771104	Marionette	DEBUG	Received DOM event "pagehide" for "about:blank"
1525616771105	Marionette	DEBUG	Received DOM event "unload" for "about:blank"
1525616771231	Marionette	DEBUG	Received DOM event "DOMContentLoaded" for "https://www.google.com/"
1525616772456	Marionette	DEBUG	Received DOM event "pageshow" for "https://www.google.com/"
1525616772540	Marionette	DEBUG	Received DOM event "beforeunload" for "https://www.google.com/"
1525616772820	Marionette	DEBUG	Received DOM event "pagehide" for "https://www.google.com/"
1525616772821	Marionette	DEBUG	Received DOM event "unload" for "https://www.google.com/"
1525616773363	Marionette	DEBUG	Received DOM event "DOMContentLoaded" for "https://www.daum.net/"
1525616774311	Marionette	DEBUG	Received DOM event "pageshow" for "https://www.daum.net/"
1525616774449	Marionette	INFO	New connections will no longer be accepted
[Child 15772] WARNING: pipe error: 109: file z:/build/build/src/ipc/chromium/src/chrome/common/ipc_channel_win.cc, line 346
[Child 15772] WARNING: pipe error: 109: file z:/build/build/src/ipc/chromium/src/chrome/common/ipc_channel_win.cc, line 346
[Parent 14268] WARNING: pipe error: 109: file z:/build/build/src/ipc/chromium/src/chrome/common/ipc_channel_win.cc, line 346
[Child 13736] WARNING: pipe error: 109: file z:/build/build/src/ipc/chromium/src/chrome/common/ipc_channel_win.cc, line 346
*** UTM:SVC TimerManager:registerTimer called after profile-before-change notification. Ignoring timer registration for id: telemetry_modules_ping
[GPU 12408] WARNING: pipe error: 109: file z:/build/build/src/ipc/chromium/src/chrome/common/ipc_channel_win.cc, line 346

###!!! [Child][MessageChannel::SendAndWait] Error: Channel error: cannot send/recv

